<?xml version="1.0" encoding="UTF-8"?>
<!-- Generated by org.testng.reporters.JUnitReportReporter -->
<testsuite skipped="0" hostname="system11" name="DriverFactory.AppTest" tests="1" failures="0" timestamp="19 Aug 2019 03:03:45 GMT" time="21.255" errors="0">
  <testcase name="kickStart" time="21.255" classname="DriverFactory.AppTest"/>
</testsuite> <!-- DriverFactory.AppTest -->
