<?xml version="1.0" encoding="UTF-8"?>
<!-- Generated by org.testng.reporters.JUnitReportReporter -->
<testsuite skipped="0" hostname="system11" name="DriverFactory.AppTest" tests="1" failures="0" timestamp="21 Aug 2019 02:59:54 GMT" time="33.625" errors="0">
  <testcase name="kickStart" time="33.625" classname="DriverFactory.AppTest"/>
</testsuite> <!-- DriverFactory.AppTest -->
